This is pdfTeX, Version 3.14159265-2.6-1.40.16 (TeX Live 2015/Debian) (preloaded format=pdflatex 2016.11.3)  21 NOV 2016 12:54
entering extended mode
 restricted \write18 enabled.
 %&-line parsing enabled.
**CSCI446_project3_final_report_group21.tex
(./CSCI446_project3_final_report_group21.tex
LaTeX2e <2016/02/01>
Babel <3.9q> and hyphenation patterns for 81 language(s) loaded.
(/usr/share/texlive/texmf-dist/tex/latex/base/article.cls
Document Class: article 2014/09/29 v1.4h Standard LaTeX document class
(/usr/share/texlive/texmf-dist/tex/latex/base/size10.clo
File: size10.clo 2014/09/29 v1.4h Standard LaTeX file (size option)
)
\c@part=\count79
\c@section=\count80
\c@subsection=\count81
\c@subsubsection=\count82
\c@paragraph=\count83
\c@subparagraph=\count84
\c@figure=\count85
\c@table=\count86
\abovecaptionskip=\skip41
\belowcaptionskip=\skip42
\bibindent=\dimen102
)
(/usr/share/texlive/texmf-dist/tex/latex/xcolor/xcolor.sty
Package: xcolor 2007/01/21 v2.11 LaTeX color extensions (UK)

(/usr/share/texlive/texmf-dist/tex/latex/latexconfig/color.cfg
File: color.cfg 2007/01/18 v1.5 color configuration of teTeX/TeXLive
)
Package xcolor Info: Driver file: pdftex.def on input line 225.

(/usr/share/texlive/texmf-dist/tex/latex/pdftex-def/pdftex.def
File: pdftex.def 2011/05/27 v0.06d Graphics/color for pdfTeX

(/usr/share/texlive/texmf-dist/tex/generic/oberdiek/infwarerr.sty
Package: infwarerr 2010/04/08 v1.3 Providing info/warning/error messages (HO)
)
(/usr/share/texlive/texmf-dist/tex/generic/oberdiek/ltxcmds.sty
Package: ltxcmds 2011/11/09 v1.22 LaTeX kernel commands for general use (HO)
)
\Gread@gobject=\count87
)
(/usr/share/texlive/texmf-dist/tex/latex/colortbl/colortbl.sty
Package: colortbl 2012/02/13 v1.0a Color table columns (DPC)

(/usr/share/texlive/texmf-dist/tex/latex/tools/array.sty
Package: array 2014/10/28 v2.4c Tabular extension package (FMi)
\col@sep=\dimen103
\extrarowheight=\dimen104
\NC@list=\toks14
\extratabsurround=\skip43
\backup@length=\skip44
)
\everycr=\toks15
\minrowclearance=\skip45
)
\rownum=\count88
Package xcolor Info: Model `cmy' substituted by `cmy0' on input line 1337.
Package xcolor Info: Model `hsb' substituted by `rgb' on input line 1341.
Package xcolor Info: Model `RGB' extended on input line 1353.
Package xcolor Info: Model `HTML' substituted by `rgb' on input line 1355.
Package xcolor Info: Model `Hsb' substituted by `hsb' on input line 1356.
Package xcolor Info: Model `tHsb' substituted by `hsb' on input line 1357.
Package xcolor Info: Model `HSB' substituted by `hsb' on input line 1358.
Package xcolor Info: Model `Gray' substituted by `gray' on input line 1359.
Package xcolor Info: Model `wave' substituted by `hsb' on input line 1360.

(/usr/share/texlive/texmf-dist/tex/latex/xcolor/x11nam.def
File: x11nam.def 2007/01/21 v2.11 Predefined colors according to Unix/X11 (UK)
))
(/usr/share/texlive/texmf-dist/tex/latex/graphics/graphicx.sty
Package: graphicx 2014/10/28 v1.0g Enhanced LaTeX Graphics (DPC,SPQR)

(/usr/share/texlive/texmf-dist/tex/latex/graphics/keyval.sty
Package: keyval 2014/10/28 v1.15 key=value parser (DPC)
\KV@toks@=\toks16
)
(/usr/share/texlive/texmf-dist/tex/latex/graphics/graphics.sty
Package: graphics 2016/01/03 v1.0q Standard LaTeX Graphics (DPC,SPQR)

(/usr/share/texlive/texmf-dist/tex/latex/graphics/trig.sty
Package: trig 2016/01/03 v1.10 sin cos tan (DPC)
)
(/usr/share/texlive/texmf-dist/tex/latex/latexconfig/graphics.cfg
File: graphics.cfg 2010/04/23 v1.9 graphics configuration of TeX Live
)
Package graphics Info: Driver file: pdftex.def on input line 95.
)
\Gin@req@height=\dimen105
\Gin@req@width=\dimen106
)
(/usr/share/texlive/texmf-dist/tex/latex/lipsum/lipsum.sty
Package: lipsum 2014/07/27 v1.3 150 paragraphs of Lorem Ipsum dummy text
\c@lips@count=\count89
)
(/usr/share/texlive/texmf-dist/tex/latex/base/fontenc.sty
Package: fontenc 2005/09/27 v1.99g Standard LaTeX package

(/usr/share/texlive/texmf-dist/tex/latex/base/t1enc.def
File: t1enc.def 2005/09/27 v1.99g Standard LaTeX file
LaTeX Font Info:    Redeclaring font encoding T1 on input line 48.
))
(/usr/share/texlive/texmf-dist/tex/latex/microtype/microtype.sty
Package: microtype 2013/05/23 v2.5a Micro-typographical refinements (RS)
\MT@toks=\toks17
\MT@count=\count90
LaTeX Info: Redefining \textls on input line 766.
\MT@outer@kern=\dimen107
LaTeX Info: Redefining \textmicrotypecontext on input line 1285.
\MT@listname@count=\count91

(/usr/share/texlive/texmf-dist/tex/latex/microtype/microtype-pdftex.def
File: microtype-pdftex.def 2013/05/23 v2.5a Definitions specific to pdftex (RS)

LaTeX Info: Redefining \lsstyle on input line 915.
LaTeX Info: Redefining \lslig on input line 915.
\MT@outer@space=\skip46
)
Package microtype Info: Loading configuration file microtype.cfg.

(/usr/share/texlive/texmf-dist/tex/latex/microtype/microtype.cfg
File: microtype.cfg 2013/05/23 v2.5a microtype main configuration file (RS)
))
(/usr/share/texlive/texmf-dist/tex/latex/geometry/geometry.sty
Package: geometry 2010/09/12 v5.6 Page Geometry

(/usr/share/texlive/texmf-dist/tex/generic/oberdiek/ifpdf.sty
Package: ifpdf 2011/01/30 v2.3 Provides the ifpdf switch (HO)
Package ifpdf Info: pdfTeX in PDF mode is detected.
)
(/usr/share/texlive/texmf-dist/tex/generic/oberdiek/ifvtex.sty
Package: ifvtex 2010/03/01 v1.5 Detect VTeX and its facilities (HO)
Package ifvtex Info: VTeX not detected.
)
(/usr/share/texlive/texmf-dist/tex/generic/ifxetex/ifxetex.sty
Package: ifxetex 2010/09/12 v0.6 Provides ifxetex conditional
)
\Gm@cnth=\count92
\Gm@cntv=\count93
\c@Gm@tempcnt=\count94
\Gm@bindingoffset=\dimen108
\Gm@wd@mp=\dimen109
\Gm@odd@mp=\dimen110
\Gm@even@mp=\dimen111
\Gm@layoutwidth=\dimen112
\Gm@layoutheight=\dimen113
\Gm@layouthoffset=\dimen114
\Gm@layoutvoffset=\dimen115
\Gm@dimlist=\toks18
)
(/usr/share/texlive/texmf-dist/tex/latex/tools/multicol.sty
Package: multicol 2015/08/19 v1.8n multicolumn formatting (FMi)
\c@tracingmulticols=\count95
\mult@box=\box26
\multicol@leftmargin=\dimen116
\c@unbalance=\count96
\c@collectmore=\count97
\doublecol@number=\count98
\multicoltolerance=\count99
\multicolpretolerance=\count100
\full@width=\dimen117
\page@free=\dimen118
\premulticols=\dimen119
\postmulticols=\dimen120
\multicolsep=\skip47
\multicolbaselineskip=\skip48
\partial@page=\box27
\last@line=\box28
\maxbalancingoverflow=\dimen121
\mult@rightbox=\box29
\mult@grightbox=\box30
\mult@gfirstbox=\box31
\mult@firstbox=\box32
\@tempa=\box33
\@tempa=\box34
\@tempa=\box35
\@tempa=\box36
\@tempa=\box37
\@tempa=\box38
\@tempa=\box39
\@tempa=\box40
\@tempa=\box41
\@tempa=\box42
\@tempa=\box43
\@tempa=\box44
\@tempa=\box45
\@tempa=\box46
\@tempa=\box47
\@tempa=\box48
\@tempa=\box49
\c@columnbadness=\count101
\c@finalcolumnbadness=\count102
\last@try=\dimen122
\multicolovershoot=\dimen123
\multicolundershoot=\dimen124
\mult@nat@firstbox=\box50
\colbreak@box=\box51
\mc@col@check@num=\count103
)
(/usr/share/texlive/texmf-dist/tex/latex/caption/caption.sty
Package: caption 2016/02/21 v3.3-144 Customizing captions (AR)

(/usr/share/texlive/texmf-dist/tex/latex/caption/caption3.sty
Package: caption3 2016/02/04 v1.7-139 caption3 kernel (AR)
Package caption3 Info: TeX engine: e-TeX on input line 67.
\captionmargin=\dimen125
\captionmargin@=\dimen126
\captionwidth=\dimen127
\caption@tempdima=\dimen128
\caption@indent=\dimen129
\caption@parindent=\dimen130
\caption@hangindent=\dimen131
)
\c@ContinuedFloat=\count104
)
(/usr/share/texlive/texmf-dist/tex/latex/booktabs/booktabs.sty
Package: booktabs 2005/04/14 v1.61803 publication quality tables
\heavyrulewidth=\dimen132
\lightrulewidth=\dimen133
\cmidrulewidth=\dimen134
\belowrulesep=\dimen135
\belowbottomsep=\dimen136
\aboverulesep=\dimen137
\abovetopsep=\dimen138
\cmidrulesep=\dimen139
\cmidrulekern=\dimen140
\defaultaddspace=\dimen141
\@cmidla=\count105
\@cmidlb=\count106
\@aboverulesep=\dimen142
\@belowrulesep=\dimen143
\@thisruleclass=\count107
\@lastruleclass=\count108
\@thisrulewidth=\dimen144
)
(/usr/share/texlive/texmf-dist/tex/latex/float/float.sty
Package: float 2001/11/08 v1.3d Float enhancements (AL)
\c@float@type=\count109
\float@exts=\toks19
\float@box=\box52
\@float@everytoks=\toks20
\@floatcapt=\box53
)
(/usr/share/texlive/texmf-dist/tex/latex/hyperref/hyperref.sty
Package: hyperref 2012/11/06 v6.83m Hypertext links for LaTeX

(/usr/share/texlive/texmf-dist/tex/generic/oberdiek/hobsub-hyperref.sty
Package: hobsub-hyperref 2012/05/28 v1.13 Bundle oberdiek, subset hyperref (HO)


(/usr/share/texlive/texmf-dist/tex/generic/oberdiek/hobsub-generic.sty
Package: hobsub-generic 2012/05/28 v1.13 Bundle oberdiek, subset generic (HO)
Package: hobsub 2012/05/28 v1.13 Construct package bundles (HO)
Package hobsub Info: Skipping package `infwarerr' (already loaded).
Package hobsub Info: Skipping package `ltxcmds' (already loaded).
Package: ifluatex 2010/03/01 v1.3 Provides the ifluatex switch (HO)
Package ifluatex Info: LuaTeX not detected.
Package hobsub Info: Skipping package `ifvtex' (already loaded).
Package: intcalc 2007/09/27 v1.1 Expandable calculations with integers (HO)
Package hobsub Info: Skipping package `ifpdf' (already loaded).
Package: etexcmds 2011/02/16 v1.5 Avoid name clashes with e-TeX commands (HO)
Package etexcmds Info: Could not find \expanded.
(etexcmds)             That can mean that you are not using pdfTeX 1.50 or
(etexcmds)             that some package has redefined \expanded.
(etexcmds)             In the latter case, load this package earlier.
Package: kvsetkeys 2012/04/25 v1.16 Key value parser (HO)
Package: kvdefinekeys 2011/04/07 v1.3 Define keys (HO)
Package: pdftexcmds 2011/11/29 v0.20 Utility functions of pdfTeX for LuaTeX (HO
)
Package pdftexcmds Info: LuaTeX not detected.
Package pdftexcmds Info: \pdf@primitive is available.
Package pdftexcmds Info: \pdf@ifprimitive is available.
Package pdftexcmds Info: \pdfdraftmode found.
Package: pdfescape 2011/11/25 v1.13 Implements pdfTeX's escape features (HO)
Package: bigintcalc 2012/04/08 v1.3 Expandable calculations on big integers (HO
)
Package: bitset 2011/01/30 v1.1 Handle bit-vector datatype (HO)
Package: uniquecounter 2011/01/30 v1.2 Provide unlimited unique counter (HO)
)
Package hobsub Info: Skipping package `hobsub' (already loaded).
Package: letltxmacro 2010/09/02 v1.4 Let assignment for LaTeX macros (HO)
Package: hopatch 2012/05/28 v1.2 Wrapper for package hooks (HO)
Package: xcolor-patch 2011/01/30 xcolor patch
Package: atveryend 2011/06/30 v1.8 Hooks at the very end of document (HO)
Package atveryend Info: \enddocument detected (standard20110627).
Package: atbegshi 2011/10/05 v1.16 At begin shipout hook (HO)
Package: refcount 2011/10/16 v3.4 Data extraction from label references (HO)
Package: hycolor 2011/01/30 v1.7 Color options for hyperref/bookmark (HO)
)
(/usr/share/texlive/texmf-dist/tex/latex/oberdiek/auxhook.sty
Package: auxhook 2011/03/04 v1.3 Hooks for auxiliary files (HO)
)
(/usr/share/texlive/texmf-dist/tex/latex/oberdiek/kvoptions.sty
Package: kvoptions 2011/06/30 v3.11 Key value format for package options (HO)
)
\@linkdim=\dimen145
\Hy@linkcounter=\count110
\Hy@pagecounter=\count111

(/usr/share/texlive/texmf-dist/tex/latex/hyperref/pd1enc.def
File: pd1enc.def 2012/11/06 v6.83m Hyperref: PDFDocEncoding definition (HO)
)
\Hy@SavedSpaceFactor=\count112

(/usr/share/texlive/texmf-dist/tex/latex/latexconfig/hyperref.cfg
File: hyperref.cfg 2002/06/06 v1.2 hyperref configuration of TeXLive
)
Package hyperref Info: Hyper figures OFF on input line 4443.
Package hyperref Info: Link nesting OFF on input line 4448.
Package hyperref Info: Hyper index ON on input line 4451.
Package hyperref Info: Plain pages OFF on input line 4458.
Package hyperref Info: Backreferencing OFF on input line 4463.
Package hyperref Info: Implicit mode ON; LaTeX internals redefined.
Package hyperref Info: Bookmarks ON on input line 4688.
\c@Hy@tempcnt=\count113

(/usr/share/texlive/texmf-dist/tex/latex/url/url.sty
\Urlmuskip=\muskip10
Package: url 2013/09/16  ver 3.4  Verb mode for urls, etc.
)
LaTeX Info: Redefining \url on input line 5041.
\XeTeXLinkMargin=\dimen146
\Fld@menulength=\count114
\Field@Width=\dimen147
\Fld@charsize=\dimen148
Package hyperref Info: Hyper figures OFF on input line 6295.
Package hyperref Info: Link nesting OFF on input line 6300.
Package hyperref Info: Hyper index ON on input line 6303.
Package hyperref Info: backreferencing OFF on input line 6310.
Package hyperref Info: Link coloring OFF on input line 6315.
Package hyperref Info: Link coloring with OCG OFF on input line 6320.
Package hyperref Info: PDF/A mode OFF on input line 6325.
LaTeX Info: Redefining \ref on input line 6365.
LaTeX Info: Redefining \pageref on input line 6369.
\Hy@abspage=\count115
\c@Item=\count116
\c@Hfootnote=\count117
)

Package hyperref Message: Driver (autodetected): hpdftex.

(/usr/share/texlive/texmf-dist/tex/latex/hyperref/hpdftex.def
File: hpdftex.def 2012/11/06 v6.83m Hyperref driver for pdfTeX
\Fld@listcount=\count118
\c@bookmark@seq@number=\count119

(/usr/share/texlive/texmf-dist/tex/latex/oberdiek/rerunfilecheck.sty
Package: rerunfilecheck 2011/04/15 v1.7 Rerun checks for auxiliary files (HO)
Package uniquecounter Info: New unique counter `rerunfilecheck' on input line 2
82.
)
\Hy@SectionHShift=\skip49
)
(/usr/share/texlive/texmf-dist/tex/latex/caption/subcaption.sty
Package: subcaption 2016/02/20 v1.1-142 Sub-captions (AR)
\c@subfigure=\count120
\c@subtable=\count121
)
(/usr/share/texlive/texmf-dist/tex/latex/lettrine/lettrine.sty
File: lettrine.sty 2015/08/31 v1.9 (Daniel Flipo)
\c@DefaultLines=\count122
\c@DefaultDepth=\count123
\DefaultFindent=\dimen149
\DefaultNindent=\dimen150
\DefaultSlope=\dimen151
\DiscardVskip=\dimen152
\L@lbox=\box54
\L@tbox=\box55
\c@L@lines=\count124
\c@L@depth=\count125
\L@Pindent=\dimen153
\L@Findent=\dimen154
\L@Nindent=\dimen155
\L@lraise=\dimen156
\L@first=\dimen157
\L@next=\dimen158
\L@slope=\dimen159
\L@height=\dimen160
\L@novskip=\dimen161
\LettrineWidth=\dimen162
\LettrineHeight=\dimen163
\LettrineDepth=\dimen164

Loading lettrine.cfg
(/usr/share/texlive/texmf-dist/tex/latex/lettrine/lettrine.cfg))
(/usr/share/texlive/texmf-dist/tex/latex/paralist/paralist.sty
Package: paralist 2015/12/30 v2.5 Extended list environments
\pltopsep=\skip50
\plpartopsep=\skip51
\plitemsep=\skip52
\plparsep=\skip53
\pl@lab=\toks21
)
(/usr/share/texlive/texmf-dist/tex/latex/amsmath/amsmath.sty
Package: amsmath 2016/03/03 v2.15a AMS math features
\@mathmargin=\skip54

For additional information on amsmath, use the `?' option.
(/usr/share/texlive/texmf-dist/tex/latex/amsmath/amstext.sty
Package: amstext 2000/06/29 v2.01 AMS text

(/usr/share/texlive/texmf-dist/tex/latex/amsmath/amsgen.sty
File: amsgen.sty 1999/11/30 v2.0 generic functions
\@emptytoks=\toks22
\ex@=\dimen165
))
(/usr/share/texlive/texmf-dist/tex/latex/amsmath/amsbsy.sty
Package: amsbsy 1999/11/29 v1.2d Bold Symbols
\pmbraise@=\dimen166
)
(/usr/share/texlive/texmf-dist/tex/latex/amsmath/amsopn.sty
Package: amsopn 1999/12/14 v2.01 operator names
)
\inf@bad=\count126
LaTeX Info: Redefining \frac on input line 199.
\uproot@=\count127
\leftroot@=\count128
LaTeX Info: Redefining \overline on input line 297.
\classnum@=\count129
\DOTSCASE@=\count130
LaTeX Info: Redefining \ldots on input line 394.
LaTeX Info: Redefining \dots on input line 397.
LaTeX Info: Redefining \cdots on input line 518.
\Mathstrutbox@=\box56
\strutbox@=\box57
\big@size=\dimen167
LaTeX Font Info:    Redeclaring font encoding OML on input line 630.
LaTeX Font Info:    Redeclaring font encoding OMS on input line 631.
\macc@depth=\count131
\c@MaxMatrixCols=\count132
\dotsspace@=\muskip11
\c@parentequation=\count133
\dspbrk@lvl=\count134
\tag@help=\toks23
\row@=\count135
\column@=\count136
\maxfields@=\count137
\andhelp@=\toks24
\eqnshift@=\dimen168
\alignsep@=\dimen169
\tagshift@=\dimen170
\tagwidth@=\dimen171
\totwidth@=\dimen172
\lineht@=\dimen173
\@envbody=\toks25
\multlinegap=\skip55
\multlinetaggap=\skip56
\mathdisplay@stack=\toks26
LaTeX Info: Redefining \[ on input line 2735.
LaTeX Info: Redefining \] on input line 2736.
)
(/usr/share/texlive/texmf-dist/tex/latex/abstract/abstract.sty
Package: abstract 2009/06/08 v1.2a configurable abstracts
\abstitleskip=\skip57
\absleftindent=\skip58
\absrightindent=\skip59
\absparindent=\skip60
\absparsep=\skip61
)
(/usr/share/texlive/texmf-dist/tex/latex/titlesec/titlesec.sty
Package: titlesec 2016/03/15 v2.10.1 Sectioning titles
\ttl@box=\box58
\beforetitleunit=\skip62
\aftertitleunit=\skip63
\ttl@plus=\dimen174
\ttl@minus=\dimen175
\ttl@toksa=\toks27
\titlewidth=\dimen176
\titlewidthlast=\dimen177
\titlewidthfirst=\dimen178
)
(/usr/share/texlive/texmf-dist/tex/latex/titlesec/block.tss
File: block.tss 2016/03/15
)
(/usr/share/texlive/texmf-dist/tex/latex/fancyhdr/fancyhdr.sty
\fancy@headwidth=\skip64
\f@ncyO@elh=\skip65
\f@ncyO@erh=\skip66
\f@ncyO@olh=\skip67
\f@ncyO@orh=\skip68
\f@ncyO@elf=\skip69
\f@ncyO@erf=\skip70
\f@ncyO@olf=\skip71
\f@ncyO@orf=\skip72
)

Package Fancyhdr Warning: \fancyfoot's `E' option without twoside option is use
less on input line 63.

(./CSCI446_project3_final_report_group21.aux)
\openout1 = `CSCI446_project3_final_report_group21.aux'.

LaTeX Font Info:    Checking defaults for OML/cmm/m/it on input line 81.
LaTeX Font Info:    ... okay on input line 81.
LaTeX Font Info:    Checking defaults for T1/cmr/m/n on input line 81.
LaTeX Font Info:    ... okay on input line 81.
LaTeX Font Info:    Checking defaults for OT1/cmr/m/n on input line 81.
LaTeX Font Info:    ... okay on input line 81.
LaTeX Font Info:    Checking defaults for OMS/cmsy/m/n on input line 81.
LaTeX Font Info:    ... okay on input line 81.
LaTeX Font Info:    Checking defaults for OMX/cmex/m/n on input line 81.
LaTeX Font Info:    ... okay on input line 81.
LaTeX Font Info:    Checking defaults for U/cmr/m/n on input line 81.
LaTeX Font Info:    ... okay on input line 81.
LaTeX Font Info:    Checking defaults for PD1/pdf/m/n on input line 81.
LaTeX Font Info:    ... okay on input line 81.

(/usr/share/texlive/texmf-dist/tex/context/base/supp-pdf.mkii
[Loading MPS to PDF converter (version 2006.09.02).]
\scratchcounter=\count138
\scratchdimen=\dimen179
\scratchbox=\box59
\nofMPsegments=\count139
\nofMParguments=\count140
\everyMPshowfont=\toks28
\MPscratchCnt=\count141
\MPscratchDim=\dimen180
\MPnumerator=\count142
\makeMPintoPDFobject=\count143
\everyMPtoPDFconversion=\toks29
) (/usr/share/texlive/texmf-dist/tex/latex/oberdiek/epstopdf-base.sty
Package: epstopdf-base 2010/02/09 v2.5 Base part for package epstopdf

(/usr/share/texlive/texmf-dist/tex/latex/oberdiek/grfext.sty
Package: grfext 2010/08/19 v1.1 Manage graphics extensions (HO)
)
Package grfext Info: Graphics extension search list:
(grfext)             [.png,.pdf,.jpg,.mps,.jpeg,.jbig2,.jb2,.PNG,.PDF,.JPG,.JPE
G,.JBIG2,.JB2,.eps]
(grfext)             \AppendGraphicsExtensions on input line 452.

(/usr/share/texlive/texmf-dist/tex/latex/latexconfig/epstopdf-sys.cfg
File: epstopdf-sys.cfg 2010/07/13 v1.3 Configuration of (r)epstopdf for TeX Liv
e
))
LaTeX Info: Redefining \microtypecontext on input line 81.
Package microtype Info: Generating PDF output.
Package microtype Info: Character protrusion enabled (level 2).
Package microtype Info: Using default protrusion set `alltext'.
Package microtype Info: Automatic font expansion enabled (level 2),
(microtype)             stretch: 20, shrink: 20, step: 1, non-selected.
Package microtype Info: Using default expansion set `basictext'.
Package microtype Info: No adjustment of tracking.
Package microtype Info: No adjustment of interword spacing.
Package microtype Info: No adjustment of character kerning.

(/usr/share/texlive/texmf-dist/tex/latex/microtype/mt-cmr.cfg
File: mt-cmr.cfg 2013/05/19 v2.2 microtype config. file: Computer Modern Roman 
(RS)
)
*geometry* driver: auto-detecting
*geometry* detected driver: pdftex
*geometry* verbose mode - [ preamble ] result:
* driver: pdftex
* paper: <default>
* layout: <same size as paper>
* layoutoffset:(h,v)=(0.0pt,0.0pt)
* modes: 
* h-part:(L,W,R)=(72.26999pt, 469.75502pt, 72.26999pt)
* v-part:(T,H,B)=(72.26999pt, 650.43001pt, 72.26999pt)
* \paperwidth=614.295pt
* \paperheight=794.96999pt
* \textwidth=469.75502pt
* \textheight=650.43001pt
* \oddsidemargin=0.0pt
* \evensidemargin=0.0pt
* \topmargin=-37.0pt
* \headheight=12.0pt
* \headsep=25.0pt
* \topskip=10.0pt
* \footskip=30.0pt
* \marginparwidth=65.0pt
* \marginparsep=11.0pt
* \columnsep=20.0pt
* \skip\footins=9.0pt plus 4.0pt minus 2.0pt
* \hoffset=0.0pt
* \voffset=0.0pt
* \mag=1000
* \@twocolumnfalse
* \@twosidefalse
* \@mparswitchfalse
* \@reversemarginfalse
* (1in=72.27pt=25.4mm, 1cm=28.453pt)

Package caption Info: Begin \AtBeginDocument code.
Package caption Info: float package is loaded.
Package caption Info: hyperref package is loaded.
Package caption Info: End \AtBeginDocument code.
\AtBeginShipoutBox=\box60
Package hyperref Info: Link coloring OFF on input line 81.
(/usr/share/texlive/texmf-dist/tex/latex/hyperref/nameref.sty
Package: nameref 2012/10/27 v2.43 Cross-referencing by name of section

(/usr/share/texlive/texmf-dist/tex/generic/oberdiek/gettitlestring.sty
Package: gettitlestring 2010/12/03 v1.4 Cleanup title references (HO)
)
\c@section@level=\count144
)
LaTeX Info: Redefining \ref on input line 81.
LaTeX Info: Redefining \pageref on input line 81.
LaTeX Info: Redefining \nameref on input line 81.

(./CSCI446_project3_final_report_group21.out)
(./CSCI446_project3_final_report_group21.out)
\@outlinefile=\write3
\openout3 = `CSCI446_project3_final_report_group21.out'.



LaTeX Font Warning: Font shape `T1/cmr/m/n' in size <24> not available
(Font)              size <24.88> substituted on input line 84.


LaTeX Font Warning: Font shape `T1/cmr/bx/n' in size <24> not available
(Font)              size <24.88> substituted on input line 84.

[1{/var/lib/texmf/fonts/map/pdftex/updmap/pdftex.map}

]

Package hyperref Warning: Token not allowed in a PDF string (PDFDocEncoding):
(hyperref)                removing `math shift' on input line 149.


Package hyperref Warning: Token not allowed in a PDF string (PDFDocEncoding):
(hyperref)                removing `math shift' on input line 149.


Package hyperref Warning: Token not allowed in a PDF string (PDFDocEncoding):
(hyperref)                removing `math shift' on input line 155.


Package hyperref Warning: Token not allowed in a PDF string (PDFDocEncoding):
(hyperref)                removing `math shift' on input line 155.


Package hyperref Warning: Token not allowed in a PDF string (PDFDocEncoding):
(hyperref)                removing `math shift' on input line 155.


Package hyperref Warning: Token not allowed in a PDF string (PDFDocEncoding):
(hyperref)                removing `math shift' on input line 155.

Package epstopdf Info: Source file: <figs/kNN/cancer_plot_kp.eps>
(epstopdf)                    date: 2016-11-21 09:35:59
(epstopdf)                    size: 1633352 bytes
(epstopdf)             Output file: <figs/kNN/cancer_plot_kp-eps-converted-to.p
df>
(epstopdf)                    date: 2016-11-21 11:59:33
(epstopdf)                    size: 353253 bytes
(epstopdf)             Command: <repstopdf --outfile=figs/kNN/cancer_plot_kp-ep
s-converted-to.pdf figs/kNN/cancer_plot_kp.eps>
(epstopdf)             \includegraphics on input line 161.
Package epstopdf Info: Output file is already uptodate.
<figs/kNN/cancer_plot_kp-eps-converted-to.pdf, id=135, 329.23pt x 275.0275pt>
File: figs/kNN/cancer_plot_kp-eps-converted-to.pdf Graphic file (type pdf)

<use figs/kNN/cancer_plot_kp-eps-converted-to.pdf>
Package pdftex.def Info: figs/kNN/cancer_plot_kp-eps-converted-to.pdf used on i
nput line 161.
(pdftex.def)             Requested size: 150.32504pt x 125.57834pt.
Package epstopdf Info: Source file: <figs/kNN/glass_plot_kp.eps>
(epstopdf)                    date: 2016-11-21 09:35:59
(epstopdf)                    size: 2152695 bytes
(epstopdf)             Output file: <figs/kNN/glass_plot_kp-eps-converted-to.pd
f>
(epstopdf)                    date: 2016-11-21 11:59:33
(epstopdf)                    size: 187026 bytes
(epstopdf)             Command: <repstopdf --outfile=figs/kNN/glass_plot_kp-eps
-converted-to.pdf figs/kNN/glass_plot_kp.eps>
(epstopdf)             \includegraphics on input line 167.
Package epstopdf Info: Output file is already uptodate.

<figs/kNN/glass_plot_kp-eps-converted-to.pdf, id=136, 329.23pt x 275.0275pt>
File: figs/kNN/glass_plot_kp-eps-converted-to.pdf Graphic file (type pdf)

<use figs/kNN/glass_plot_kp-eps-converted-to.pdf>
Package pdftex.def Info: figs/kNN/glass_plot_kp-eps-converted-to.pdf used on in
put line 167.
(pdftex.def)             Requested size: 150.32504pt x 125.57834pt.
Package epstopdf Info: Source file: <figs/kNN/iris_plot_kp.eps>
(epstopdf)                    date: 2016-11-21 09:35:59
(epstopdf)                    size: 1706883 bytes
(epstopdf)             Output file: <figs/kNN/iris_plot_kp-eps-converted-to.pdf
>
(epstopdf)                    date: 2016-11-21 11:59:33
(epstopdf)                    size: 159330 bytes
(epstopdf)             Command: <repstopdf --outfile=figs/kNN/iris_plot_kp-eps-
converted-to.pdf figs/kNN/iris_plot_kp.eps>
(epstopdf)             \includegraphics on input line 173.
Package epstopdf Info: Output file is already uptodate.

<figs/kNN/iris_plot_kp-eps-converted-to.pdf, id=137, 329.23pt x 275.0275pt>
File: figs/kNN/iris_plot_kp-eps-converted-to.pdf Graphic file (type pdf)

<use figs/kNN/iris_plot_kp-eps-converted-to.pdf>
Package pdftex.def Info: figs/kNN/iris_plot_kp-eps-converted-to.pdf used on inp
ut line 173.
(pdftex.def)             Requested size: 150.32504pt x 125.57834pt.
Package epstopdf Info: Source file: <figs/kNN/soybean_plot_kp.eps>
(epstopdf)                    date: 2016-11-21 09:35:59
(epstopdf)                    size: 1093162 bytes
(epstopdf)             Output file: <figs/kNN/soybean_plot_kp-eps-converted-to.
pdf>
(epstopdf)                    date: 2016-11-21 11:59:33
(epstopdf)                    size: 143861 bytes
(epstopdf)             Command: <repstopdf --outfile=figs/kNN/soybean_plot_kp-e
ps-converted-to.pdf figs/kNN/soybean_plot_kp.eps>
(epstopdf)             \includegraphics on input line 179.
Package epstopdf Info: Output file is already uptodate.

<figs/kNN/soybean_plot_kp-eps-converted-to.pdf, id=138, 333.245pt x 275.0275pt>
File: figs/kNN/soybean_plot_kp-eps-converted-to.pdf Graphic file (type pdf)
<use figs/kNN/soybean_plot_kp-eps-converted-to.pdf>
Package pdftex.def Info: figs/kNN/soybean_plot_kp-eps-converted-to.pdf used on 
input line 179.
(pdftex.def)             Requested size: 150.32504pt x 124.06339pt.
Package epstopdf Info: Source file: <figs/kNN/vote_plot_kp.eps>
(epstopdf)                    date: 2016-11-21 09:35:59
(epstopdf)                    size: 1746162 bytes
(epstopdf)             Output file: <figs/kNN/vote_plot_kp-eps-converted-to.pdf
>
(epstopdf)                    date: 2016-11-21 11:59:33
(epstopdf)                    size: 167103 bytes
(epstopdf)             Command: <repstopdf --outfile=figs/kNN/vote_plot_kp-eps-
converted-to.pdf figs/kNN/vote_plot_kp.eps>
(epstopdf)             \includegraphics on input line 185.
Package epstopdf Info: Output file is already uptodate.

<figs/kNN/vote_plot_kp-eps-converted-to.pdf, id=139, 329.23pt x 275.0275pt>
File: figs/kNN/vote_plot_kp-eps-converted-to.pdf Graphic file (type pdf)

<use figs/kNN/vote_plot_kp-eps-converted-to.pdf>
Package pdftex.def Info: figs/kNN/vote_plot_kp-eps-converted-to.pdf used on inp
ut line 185.
(pdftex.def)             Requested size: 150.32504pt x 125.57834pt.
Package epstopdf Info: Source file: <figs/kNN/average_plot_kp.eps>
(epstopdf)                    date: 2016-11-21 09:35:59
(epstopdf)                    size: 1732528 bytes
(epstopdf)             Output file: <figs/kNN/average_plot_kp-eps-converted-to.
pdf>
(epstopdf)                    date: 2016-11-21 11:59:33
(epstopdf)                    size: 395024 bytes
(epstopdf)             Command: <repstopdf --outfile=figs/kNN/average_plot_kp-e
ps-converted-to.pdf figs/kNN/average_plot_kp.eps>
(epstopdf)             \includegraphics on input line 191.
Package epstopdf Info: Output file is already uptodate.

<figs/kNN/average_plot_kp-eps-converted-to.pdf, id=140, 333.245pt x 275.0275pt>
File: figs/kNN/average_plot_kp-eps-converted-to.pdf Graphic file (type pdf)
<use figs/kNN/average_plot_kp-eps-converted-to.pdf>
Package pdftex.def Info: figs/kNN/average_plot_kp-eps-converted-to.pdf used on 
input line 191.
(pdftex.def)             Requested size: 150.32504pt x 124.06339pt.


LaTeX Warning: `!h' float specifier changed to `!ht'.

[2]
Package epstopdf Info: Source file: <figs/NaiveBayes/plot_ptable_cancer.eps>
(epstopdf)                    date: 2016-11-21 11:59:33
(epstopdf)                    size: 719736 bytes
(epstopdf)             Output file: <figs/NaiveBayes/plot_ptable_cancer-eps-con
verted-to.pdf>
(epstopdf)                    date: 2016-11-21 11:59:33
(epstopdf)                    size: 176325 bytes
(epstopdf)             Command: <repstopdf --outfile=figs/NaiveBayes/plot_ptabl
e_cancer-eps-converted-to.pdf figs/NaiveBayes/plot_ptable_cancer.eps>
(epstopdf)             \includegraphics on input line 224.
Package epstopdf Info: Output file is already uptodate.

<figs/NaiveBayes/plot_ptable_cancer-eps-converted-to.pdf, id=157, 304.13625pt x
 266.9975pt>
File: figs/NaiveBayes/plot_ptable_cancer-eps-converted-to.pdf Graphic file (typ
e pdf)
 <use figs/NaiveBayes/plot_ptable_cancer-eps-converted-to.pdf>
Package pdftex.def Info: figs/NaiveBayes/plot_ptable_cancer-eps-converted-to.pd
f used on input line 224.
(pdftex.def)             Requested size: 150.32504pt x 131.97064pt.
Package epstopdf Info: Source file: <figs/NaiveBayes/plot_ptable_glass.eps>
(epstopdf)                    date: 2016-11-21 11:59:33
(epstopdf)                    size: 914938 bytes
(epstopdf)             Output file: <figs/NaiveBayes/plot_ptable_glass-eps-conv
erted-to.pdf>
(epstopdf)                    date: 2016-11-21 11:59:33
(epstopdf)                    size: 180533 bytes
(epstopdf)             Command: <repstopdf --outfile=figs/NaiveBayes/plot_ptabl
e_glass-eps-converted-to.pdf figs/NaiveBayes/plot_ptable_glass.eps>
(epstopdf)             \includegraphics on input line 230.
Package epstopdf Info: Output file is already uptodate.

<figs/NaiveBayes/plot_ptable_glass-eps-converted-to.pdf, id=158, 307.1475pt x 2
56.96pt>
File: figs/NaiveBayes/plot_ptable_glass-eps-converted-to.pdf Graphic file (type
 pdf)
 <use figs/NaiveBayes/plot_ptable_glass-eps-converted-to.pdf>
Package pdftex.def Info: figs/NaiveBayes/plot_ptable_glass-eps-converted-to.pdf
 used on input line 230.
(pdftex.def)             Requested size: 150.32504pt x 125.7625pt.
Package epstopdf Info: Source file: <figs/NaiveBayes/plot_ptable_iris.eps>
(epstopdf)                    date: 2016-11-21 11:59:33
(epstopdf)                    size: 767451 bytes
(epstopdf)             Output file: <figs/NaiveBayes/plot_ptable_iris-eps-conve
rted-to.pdf>
(epstopdf)                    date: 2016-11-21 11:59:33
(epstopdf)                    size: 514216 bytes
(epstopdf)             Command: <repstopdf --outfile=figs/NaiveBayes/plot_ptabl
e_iris-eps-converted-to.pdf figs/NaiveBayes/plot_ptable_iris.eps>
(epstopdf)             \includegraphics on input line 236.
Package epstopdf Info: Output file is already uptodate.

<figs/NaiveBayes/plot_ptable_iris-eps-converted-to.pdf, id=159, 306.14375pt x 2
65.99374pt>
File: figs/NaiveBayes/plot_ptable_iris-eps-converted-to.pdf Graphic file (type 
pdf)
 <use figs/NaiveBayes/plot_ptable_iris-eps-converted-to.pdf>
Package pdftex.def Info: figs/NaiveBayes/plot_ptable_iris-eps-converted-to.pdf 
used on input line 236.
(pdftex.def)             Requested size: 150.32504pt x 130.61pt.
Package epstopdf Info: Source file: <figs/NaiveBayes/plot_ptable_soybean.eps>
(epstopdf)                    date: 2016-11-21 11:59:33
(epstopdf)                    size: 1126919 bytes
(epstopdf)             Output file: <figs/NaiveBayes/plot_ptable_soybean-eps-co
nverted-to.pdf>
(epstopdf)                    date: 2016-11-21 11:59:33
(epstopdf)                    size: 265440 bytes
(epstopdf)             Command: <repstopdf --outfile=figs/NaiveBayes/plot_ptabl
e_soybean-eps-converted-to.pdf figs/NaiveBayes/plot_ptable_soybean.eps>
(epstopdf)             \includegraphics on input line 242.
Package epstopdf Info: Output file is already uptodate.

<figs/NaiveBayes/plot_ptable_soybean-eps-converted-to.pdf, id=160, 304.13625pt 
x 268.00125pt>
File: figs/NaiveBayes/plot_ptable_soybean-eps-converted-to.pdf Graphic file (ty
pe pdf)
 <use figs/NaiveBayes/plot_ptable_soybean-eps-converted-to.pdf>
Package pdftex.def Info: figs/NaiveBayes/plot_ptable_soybean-eps-converted-to.p
df used on input line 242.
(pdftex.def)             Requested size: 150.32504pt x 132.46677pt.
Package epstopdf Info: Source file: <figs/NaiveBayes/plot_ptable_vote.eps>
(epstopdf)                    date: 2016-11-21 11:59:33
(epstopdf)                    size: 999032 bytes
(epstopdf)             Output file: <figs/NaiveBayes/plot_ptable_vote-eps-conve
rted-to.pdf>
(epstopdf)                    date: 2016-11-21 11:59:33
(epstopdf)                    size: 204242 bytes
(epstopdf)             Command: <repstopdf --outfile=figs/NaiveBayes/plot_ptabl
e_vote-eps-converted-to.pdf figs/NaiveBayes/plot_ptable_vote.eps>
(epstopdf)             \includegraphics on input line 248.
Package epstopdf Info: Output file is already uptodate.

<figs/NaiveBayes/plot_ptable_vote-eps-converted-to.pdf, id=161, 304.13625pt x 2
61.97874pt>
File: figs/NaiveBayes/plot_ptable_vote-eps-converted-to.pdf Graphic file (type 
pdf)
 <use figs/NaiveBayes/plot_ptable_vote-eps-converted-to.pdf>
Package pdftex.def Info: figs/NaiveBayes/plot_ptable_vote-eps-converted-to.pdf 
used on input line 248.
(pdftex.def)             Requested size: 150.32504pt x 129.48999pt.


LaTeX Warning: `!h' float specifier changed to `!ht'.

[3 <./figs/kNN/cancer_plot_kp-eps-converted-to.pdf> <./figs/kNN/glass_plot_kp-e
ps-converted-to.pdf> <./figs/kNN/iris_plot_kp-eps-converted-to.pdf> <./figs/kNN
/soybean_plot_kp-eps-converted-to.pdf> <./figs/kNN/vote_plot_kp-eps-converted-t
o.pdf> <./figs/kNN/average_plot_kp-eps-converted-to.pdf>] [4 <./figs/NaiveBayes
/plot_ptable_cancer-eps-converted-to.pdf> <./figs/NaiveBayes/plot_ptable_glass-
eps-converted-to.pdf> <./figs/NaiveBayes/plot_ptable_iris-eps-converted-to.pdf>
 <./figs/NaiveBayes/plot_ptable_soybean-eps-converted-to.pdf> <./figs/NaiveBaye
s/plot_ptable_vote-eps-converted-to.pdf>]
<figs/TAN/vote.pdf, id=339, 909.3975pt x 727.71875pt>
File: figs/TAN/vote.pdf Graphic file (type pdf)
 <use figs/TAN/vote.pdf>
Package pdftex.def Info: figs/TAN/vote.pdf used on input line 305.
(pdftex.def)             Requested size: 234.8775pt x 187.94765pt.
LaTeX Font Info:    Try loading font information for T1+cmtt on input line 318.


(/usr/share/texlive/texmf-dist/tex/latex/base/t1cmtt.fd
File: t1cmtt.fd 2014/09/29 v2.5h Standard LaTeX font definitions
)
Package microtype Info: Loading generic settings for font family
(microtype)             `cmtt' (encoding: T1).
(microtype)             For optimal results, create family-specific settings.
(microtype)             See the microtype manual for details.
 [5]
<figs/ID3/soybean.pdf, id=352, 445.665pt x 364.36125pt>
File: figs/ID3/soybean.pdf Graphic file (type pdf)

<use figs/ID3/soybean.pdf>
Package pdftex.def Info: figs/ID3/soybean.pdf used on input line 337.
(pdftex.def)             Requested size: 234.8775pt x 192.0264pt.


LaTeX Warning: `h' float specifier changed to `ht'.

[6 <./figs/TAN/vote.pdf>]
Package epstopdf Info: Source file: <figs/plot_conv_cancer.eps>
(epstopdf)                    date: 2016-11-21 12:50:43
(epstopdf)                    size: 42562 bytes
(epstopdf)             Output file: <figs/plot_conv_cancer-eps-converted-to.pdf
>
(epstopdf)                    date: 2016-11-21 12:50:43
(epstopdf)                    size: 15015 bytes
(epstopdf)             Command: <repstopdf --outfile=figs/plot_conv_cancer-eps-
converted-to.pdf figs/plot_conv_cancer.eps>
(epstopdf)             \includegraphics on input line 355.
Package epstopdf Info: Output file is already uptodate.

<figs/plot_conv_cancer-eps-converted-to.pdf, id=368, 309.155pt x 176.66pt>
File: figs/plot_conv_cancer-eps-converted-to.pdf Graphic file (type pdf)

<use figs/plot_conv_cancer-eps-converted-to.pdf>
Package pdftex.def Info: figs/plot_conv_cancer-eps-converted-to.pdf used on inp
ut line 355.
(pdftex.def)             Requested size: 230.18253pt x 131.53772pt.
Package epstopdf Info: Source file: <figs/plot_conv_glass.eps>
(epstopdf)                    date: 2016-11-21 12:50:43
(epstopdf)                    size: 32367 bytes
(epstopdf)             Output file: <figs/plot_conv_glass-eps-converted-to.pdf>

(epstopdf)                    date: 2016-11-21 12:50:43
(epstopdf)                    size: 11790 bytes
(epstopdf)             Command: <repstopdf --outfile=figs/plot_conv_glass-eps-c
onverted-to.pdf figs/plot_conv_glass.eps>
(epstopdf)             \includegraphics on input line 361.
Package epstopdf Info: Output file is already uptodate.

<figs/plot_conv_glass-eps-converted-to.pdf, id=369, 309.155pt x 177.66376pt>
File: figs/plot_conv_glass-eps-converted-to.pdf Graphic file (type pdf)

<use figs/plot_conv_glass-eps-converted-to.pdf>
Package pdftex.def Info: figs/plot_conv_glass-eps-converted-to.pdf used on inpu
t line 361.
(pdftex.def)             Requested size: 230.18253pt x 132.2851pt.
Package epstopdf Info: Source file: <figs/plot_conv_iris.eps>
(epstopdf)                    date: 2016-11-21 12:50:43
(epstopdf)                    size: 23695 bytes
(epstopdf)             Output file: <figs/plot_conv_iris-eps-converted-to.pdf>
(epstopdf)                    date: 2016-11-21 12:50:43
(epstopdf)                    size: 9064 bytes
(epstopdf)             Command: <repstopdf --outfile=figs/plot_conv_iris-eps-co
nverted-to.pdf figs/plot_conv_iris.eps>
(epstopdf)             \includegraphics on input line 367.
Package epstopdf Info: Output file is already uptodate.

<figs/plot_conv_iris-eps-converted-to.pdf, id=370, 309.155pt x 175.65625pt>
File: figs/plot_conv_iris-eps-converted-to.pdf Graphic file (type pdf)

<use figs/plot_conv_iris-eps-converted-to.pdf>
Package pdftex.def Info: figs/plot_conv_iris-eps-converted-to.pdf used on input
 line 367.
(pdftex.def)             Requested size: 230.18253pt x 130.79034pt.
Package epstopdf Info: Source file: <figs//plot_conv_soybean.eps>
(epstopdf)                    date: 2016-11-21 12:50:43
(epstopdf)                    size: 20429 bytes
(epstopdf)             Output file: <figs//plot_conv_soybean-eps-converted-to.p
df>
(epstopdf)                    date: 2016-11-21 12:50:43
(epstopdf)                    size: 8238 bytes
(epstopdf)             Command: <repstopdf --outfile=figs//plot_conv_soybean-ep
s-converted-to.pdf figs//plot_conv_soybean.eps>
(epstopdf)             \includegraphics on input line 373.
Package epstopdf Info: Output file is already uptodate.

<figs//plot_conv_soybean-eps-converted-to.pdf, id=371, 309.155pt x 177.66376pt>
File: figs//plot_conv_soybean-eps-converted-to.pdf Graphic file (type pdf)
<use figs//plot_conv_soybean-eps-converted-to.pdf>
Package pdftex.def Info: figs//plot_conv_soybean-eps-converted-to.pdf used on i
nput line 373.
(pdftex.def)             Requested size: 230.18253pt x 132.2851pt.
Package epstopdf Info: Source file: <figs/plot_conv_vote.eps>
(epstopdf)                    date: 2016-11-21 12:50:43
(epstopdf)                    size: 35700 bytes
(epstopdf)             Output file: <figs/plot_conv_vote-eps-converted-to.pdf>
(epstopdf)                    date: 2016-11-21 12:50:43
(epstopdf)                    size: 12747 bytes
(epstopdf)             Command: <repstopdf --outfile=figs/plot_conv_vote-eps-co
nverted-to.pdf figs/plot_conv_vote.eps>
(epstopdf)             \includegraphics on input line 379.
Package epstopdf Info: Output file is already uptodate.

<figs/plot_conv_vote-eps-converted-to.pdf, id=372, 309.155pt x 171.64125pt>
File: figs/plot_conv_vote-eps-converted-to.pdf Graphic file (type pdf)

<use figs/plot_conv_vote-eps-converted-to.pdf>
Package pdftex.def Info: figs/plot_conv_vote-eps-converted-to.pdf used on input
 line 379.
(pdftex.def)             Requested size: 230.18253pt x 127.80084pt.


LaTeX Warning: `!h' float specifier changed to `!ht'.

[7 <./figs/ID3/soybean.pdf>] [8 <./figs/plot_conv_cancer-eps-converted-to.pdf> 
<./figs/plot_conv_glass-eps-converted-to.pdf> <./figs/plot_conv_iris-eps-conver
ted-to.pdf> <./figs//plot_conv_soybean-eps-converted-to.pdf> <./figs/plot_conv_
vote-eps-converted-to.pdf>] [9] (./CSCI446_project3_final_report_group21.bbl)
Package atveryend Info: Empty hook `BeforeClearDocument' on input line 439.

[10]
Package atveryend Info: Empty hook `AfterLastShipout' on input line 439.
 (./CSCI446_project3_final_report_group21.aux)
Package atveryend Info: Executing hook `AtVeryEndDocument' on input line 439.
Package atveryend Info: Executing hook `AtEndAfterFileList' on input line 439.
Package rerunfilecheck Info: File `CSCI446_project3_final_report_group21.out' h
as not changed.
(rerunfilecheck)             Checksum: C65CA8C8041C15546ED3F3B593E6E135;1790.


LaTeX Font Warning: Size substitutions with differences
(Font)              up to 0.88pt have occurred.

Package atveryend Info: Empty hook `AtVeryVeryEnd' on input line 439.
 ) 
Here is how much of TeX's memory you used:
 11199 strings out of 493029
 171150 string characters out of 6136234
 426062 words of memory out of 5000000
 14361 multiletter control sequences out of 15000+600000
 28382 words of font info for 124 fonts, out of 8000000 for 9000
 1141 hyphenation exceptions out of 8191
 41i,13n,43p,1058b,531s stack positions out of 5000i,500n,10000p,200000b,80000s
{/usr/share/texmf/fonts/enc/dvips/cm-super/cm-super-t1.enc}</usr/share/texliv
e/texmf-dist/fonts/type1/public/amsfonts/cm/cmbx10.pfb></usr/share/texlive/texm
f-dist/fonts/type1/public/amsfonts/cm/cmbx7.pfb></usr/share/texlive/texmf-dist/
fonts/type1/public/amsfonts/cm/cmex10.pfb></usr/share/texlive/texmf-dist/fonts/
type1/public/amsfonts/cm/cmmi10.pfb></usr/share/texlive/texmf-dist/fonts/type1/
public/amsfonts/cm/cmmi12.pfb></usr/share/texlive/texmf-dist/fonts/type1/public
/amsfonts/cm/cmmi5.pfb></usr/share/texlive/texmf-dist/fonts/type1/public/amsfon
ts/cm/cmmi7.pfb></usr/share/texlive/texmf-dist/fonts/type1/public/amsfonts/cm/c
mmi9.pfb></usr/share/texlive/texmf-dist/fonts/type1/public/amsfonts/cm/cmr10.pf
b></usr/share/texlive/texmf-dist/fonts/type1/public/amsfonts/cm/cmr7.pfb></usr/
share/texlive/texmf-dist/fonts/type1/public/amsfonts/cm/cmsy10.pfb></usr/share/
texmf/fonts/type1/public/cm-super/sfbx0900.pfb></usr/share/texmf/fonts/type1/pu
blic/cm-super/sfbx1000.pfb></usr/share/texmf/fonts/type1/public/cm-super/sfbx24
88.pfb></usr/share/texmf/fonts/type1/public/cm-super/sfcc1200.pfb></usr/share/t
exmf/fonts/type1/public/cm-super/sfcc1440.pfb></usr/share/texmf/fonts/type1/pub
lic/cm-super/sfrm1000.pfb></usr/share/texmf/fonts/type1/public/cm-super/sfrm120
0.pfb></usr/share/texmf/fonts/type1/public/cm-super/sfti0900.pfb></usr/share/te
xmf/fonts/type1/public/cm-super/sfti1000.pfb></usr/share/texmf/fonts/type1/publ
ic/cm-super/sftt1000.pfb></usr/share/texlive/texmf-dist/fonts/type1/urw/times/u
tmr8a.pfb>
Output written on CSCI446_project3_final_report_group21.pdf (10 pages, 3111658 
bytes).
PDF statistics:
 531 PDF objects out of 1000 (max. 8388607)
 364 compressed objects within 4 object streams
 52 named destinations out of 1000 (max. 500000)
 29507 words of extra memory for PDF output out of 29859 (max. 10000000)

