\BOOKMARK [1][-]{section.1}{Introduction}{}% 1
\BOOKMARK [1][-]{section.2}{Datasets}{}% 2
\BOOKMARK [2][-]{subsection.2.1}{Discretization}{section.2}% 3
\BOOKMARK [2][-]{subsection.2.2}{Cross-Validation}{section.2}% 4
\BOOKMARK [2][-]{subsection.2.3}{Missing Values}{section.2}% 5
\BOOKMARK [1][-]{section.3}{k-Nearest Neighbors}{}% 6
\BOOKMARK [2][-]{subsection.3.1}{Training}{section.3}% 7
\BOOKMARK [2][-]{subsection.3.2}{Validation}{section.3}% 8
\BOOKMARK [1][-]{section.4}{Naive Bayes}{}% 9
\BOOKMARK [2][-]{subsection.4.1}{Training}{section.4}% 10
\BOOKMARK [2][-]{subsection.4.2}{Validation}{section.4}% 11
\BOOKMARK [1][-]{section.5}{TAN}{}% 12
\BOOKMARK [2][-]{subsection.5.1}{Training}{section.5}% 13
\BOOKMARK [2][-]{subsection.5.2}{Validation}{section.5}% 14
\BOOKMARK [1][-]{section.6}{ID3}{}% 15
\BOOKMARK [2][-]{subsection.6.1}{Training}{section.6}% 16
\BOOKMARK [2][-]{subsection.6.2}{Validation}{section.6}% 17
\BOOKMARK [1][-]{section.7}{Results}{}% 18
\BOOKMARK [2][-]{subsection.7.1}{Cancer Dataset Performance}{section.7}% 19
\BOOKMARK [2][-]{subsection.7.2}{Glass Dataset Performance}{section.7}% 20
\BOOKMARK [2][-]{subsection.7.3}{Iris Dataset Performance}{section.7}% 21
\BOOKMARK [2][-]{subsection.7.4}{Soybean Dataset Performance}{section.7}% 22
\BOOKMARK [2][-]{subsection.7.5}{Voting Dataset Performance}{section.7}% 23
\BOOKMARK [1][-]{section.8}{Conclusion}{}% 24
